<?xml version="1.0" encoding="UTF-8"?>
<coverage generated="1533970061527" clover="3.2.0">
  <project timestamp="1533970061527" name="All files">
    <metrics statements="88" coveredstatements="55" conditionals="36" coveredconditionals="11" methods="40" coveredmethods="18" elements="164" coveredelements="84" complexity="0" loc="88" ncloc="88" packages="6" files="12" classes="12">
      <package name="github">
        <metrics statements="1" coveredstatements="1" conditionals="0" coveredconditionals="0" methods="0" coveredmethods="0"/>
        <file name="enzyme-setup.js" path="/Users/Sinha/Downloads/github/enzyme-setup.js">
          <metrics statements="1" coveredstatements="1" conditionals="0" coveredconditionals="0" methods="0" coveredmethods="0"/>
          <line num="4" count="3" type="stmt"/>
        </file>
      </package>
      <package name="github.src">
        <metrics statements="0" coveredstatements="0" conditionals="0" coveredconditionals="0" methods="0" coveredmethods="0"/>
        <file name="setupTest.js" path="/Users/Sinha/Downloads/github/src/setupTest.js">
          <metrics statements="0" coveredstatements="0" conditionals="0" coveredconditionals="0" methods="0" coveredmethods="0"/>
        </file>
      </package>
      <package name="github.src.config">
        <metrics statements="11" coveredstatements="11" conditionals="2" coveredconditionals="1" methods="1" coveredmethods="1"/>
        <file name="graphqlConfig.js" path="/Users/Sinha/Downloads/github/src/config/graphqlConfig.js">
          <metrics statements="4" coveredstatements="4" conditionals="2" coveredconditionals="1" methods="1" coveredmethods="1"/>
          <line num="7" count="3" type="stmt"/>
          <line num="8" count="4" type="stmt"/>
          <line num="15" count="3" type="stmt"/>
          <line num="17" count="3" type="stmt"/>
        </file>
        <file name="queries.js" path="/Users/Sinha/Downloads/github/src/config/queries.js">
          <metrics statements="7" coveredstatements="7" conditionals="0" coveredconditionals="0" methods="0" coveredmethods="0"/>
          <line num="3" count="3" type="stmt"/>
          <line num="14" count="3" type="stmt"/>
          <line num="24" count="3" type="stmt"/>
          <line num="37" count="3" type="stmt"/>
          <line num="72" count="3" type="stmt"/>
          <line num="150" count="3" type="stmt"/>
          <line num="160" count="3" type="stmt"/>
        </file>
      </package>
      <package name="github.src.header">
        <metrics statements="25" coveredstatements="23" conditionals="6" coveredconditionals="5" methods="13" coveredmethods="11"/>
        <file name="header.js" path="/Users/Sinha/Downloads/github/src/header/header.js">
          <metrics statements="13" coveredstatements="11" conditionals="4" coveredconditionals="3" methods="5" coveredmethods="3"/>
          <line num="15" count="5" type="stmt"/>
          <line num="18" count="5" type="stmt"/>
          <line num="19" count="5" type="stmt"/>
          <line num="27" count="5" type="stmt"/>
          <line num="28" count="5" type="stmt"/>
          <line num="29" count="5" type="stmt"/>
          <line num="36" count="0" type="stmt"/>
          <line num="37" count="0" type="stmt"/>
          <line num="41" count="10" type="cond" truecount="2" falsecount="0"/>
          <line num="42" count="5" type="stmt"/>
          <line num="44" count="5" type="stmt"/>
          <line num="60" count="1" type="stmt"/>
          <line num="63" count="1" type="stmt"/>
        </file>
        <file name="navItemLeft.js" path="/Users/Sinha/Downloads/github/src/header/navItemLeft.js">
          <metrics statements="4" coveredstatements="4" conditionals="0" coveredconditionals="0" methods="3" coveredmethods="3"/>
          <line num="4" count="1" type="stmt"/>
          <line num="5" count="5" type="stmt"/>
          <line num="7" count="5" type="stmt"/>
          <line num="8" count="20" type="stmt"/>
        </file>
        <file name="navbarForm.js" path="/Users/Sinha/Downloads/github/src/header/navbarForm.js">
          <metrics statements="2" coveredstatements="2" conditionals="0" coveredconditionals="0" methods="1" coveredmethods="1"/>
          <line num="4" count="1" type="stmt"/>
          <line num="5" count="5" type="stmt"/>
        </file>
        <file name="navbarHeader.js" path="/Users/Sinha/Downloads/github/src/header/navbarHeader.js">
          <metrics statements="2" coveredstatements="2" conditionals="0" coveredconditionals="0" methods="1" coveredmethods="1"/>
          <line num="4" count="1" type="stmt"/>
          <line num="5" count="5" type="stmt"/>
        </file>
        <file name="navbarItemRight.js" path="/Users/Sinha/Downloads/github/src/header/navbarItemRight.js">
          <metrics statements="4" coveredstatements="4" conditionals="2" coveredconditionals="2" methods="3" coveredmethods="3"/>
          <line num="6" count="1" type="stmt"/>
          <line num="8" count="5" type="stmt"/>
          <line num="25" count="20" type="stmt"/>
          <line num="38" count="35" type="stmt"/>
        </file>
      </package>
      <package name="github.src.profile">
        <metrics statements="24" coveredstatements="10" conditionals="8" coveredconditionals="2" methods="11" coveredmethods="3"/>
        <file name="index.js" path="/Users/Sinha/Downloads/github/src/profile/index.js">
          <metrics statements="21" coveredstatements="9" conditionals="8" coveredconditionals="2" methods="9" coveredmethods="3"/>
          <line num="21" count="1" type="stmt"/>
          <line num="24" count="1" type="stmt"/>
          <line num="25" count="1" type="stmt"/>
          <line num="33" count="1" type="stmt"/>
          <line num="34" count="1" type="stmt"/>
          <line num="41" count="0" type="stmt"/>
          <line num="42" count="0" type="stmt"/>
          <line num="47" count="0" type="stmt"/>
          <line num="48" count="0" type="stmt"/>
          <line num="49" count="0" type="stmt"/>
          <line num="89" count="0" type="stmt"/>
          <line num="90" count="0" type="stmt"/>
          <line num="112" count="1" type="stmt"/>
          <line num="113" count="1" type="cond" truecount="1" falsecount="1"/>
          <line num="114" count="1" type="stmt"/>
          <line num="116" count="0" type="stmt"/>
          <line num="118" count="0" type="stmt"/>
          <line num="119" count="0" type="stmt"/>
          <line num="122" count="0" type="stmt"/>
          <line num="125" count="0" type="stmt"/>
          <line num="149" count="1" type="stmt"/>
        </file>
        <file name="profileLeftSide.js" path="/Users/Sinha/Downloads/github/src/profile/profileLeftSide.js">
          <metrics statements="3" coveredstatements="1" conditionals="0" coveredconditionals="0" methods="2" coveredmethods="0"/>
          <line num="4" count="1" type="stmt"/>
          <line num="5" count="0" type="stmt"/>
          <line num="45" count="0" type="stmt"/>
        </file>
      </package>
      <package name="github.src.projectDetail">
        <metrics statements="27" coveredstatements="10" conditionals="20" coveredconditionals="3" methods="15" coveredmethods="3"/>
        <file name="index.js" path="/Users/Sinha/Downloads/github/src/projectDetail/index.js">
          <metrics statements="27" coveredstatements="10" conditionals="20" coveredconditionals="3" methods="15" coveredmethods="3"/>
          <line num="27" count="1" type="stmt"/>
          <line num="30" count="1" type="stmt"/>
          <line num="31" count="1" type="stmt"/>
          <line num="40" count="1" type="stmt"/>
          <line num="41" count="1" type="stmt"/>
          <line num="43" count="1" type="stmt"/>
          <line num="53" count="0" type="stmt"/>
          <line num="69" count="0" type="stmt"/>
          <line num="74" count="0" type="stmt"/>
          <line num="78" count="0" type="stmt"/>
          <line num="79" count="0" type="stmt"/>
          <line num="90" count="0" type="cond" truecount="0" falsecount="2"/>
          <line num="91" count="0" type="stmt"/>
          <line num="99" count="0" type="stmt"/>
          <line num="111" count="0" type="cond" truecount="0" falsecount="2"/>
          <line num="114" count="0" type="stmt"/>
          <line num="123" count="0" type="stmt"/>
          <line num="139" count="1" type="cond" truecount="1" falsecount="1"/>
          <line num="142" count="1" type="stmt"/>
          <line num="143" count="1" type="cond" truecount="1" falsecount="1"/>
          <line num="144" count="1" type="stmt"/>
          <line num="146" count="0" type="stmt"/>
          <line num="147" count="0" type="stmt"/>
          <line num="148" count="0" type="stmt"/>
          <line num="164" count="0" type="stmt"/>
          <line num="172" count="0" type="stmt"/>
          <line num="180" count="0" type="stmt"/>
        </file>
      </package>
    </metrics>
  </project>
</coverage>
