{"/Users/Sinha/Downloads/github/enzyme-setup.js": {"path":"/Users/Sinha/Downloads/github/enzyme-setup.js","statementMap":{"0":{"start":{"line":4,"column":0},"end":{"line":4,"column":45}}},"fnMap":{},"branchMap":{},"s":{"0":3},"f":{},"b":{},"_coverageSchema":"332fd63041d2c1bcb487cc26dd0d5f7d97098a6c","hash":"26765084631e7758a32d4fe7d1b58301ceda6c6d"}
,"/Users/Sinha/Downloads/github/src/setupTest.js": {"path":"/Users/Sinha/Downloads/github/src/setupTest.js","statementMap":{},"fnMap":{},"branchMap":{},"s":{},"f":{},"b":{},"_coverageSchema":"332fd63041d2c1bcb487cc26dd0d5f7d97098a6c","hash":"f1c6d6898a100ecf268ff6946315dbac45e04edd"}
,"/Users/Sinha/Downloads/github/src/config/graphqlConfig.js": {"path":"/Users/Sinha/Downloads/github/src/config/graphqlConfig.js","statementMap":{"0":{"start":{"line":7,"column":14},"end":{"line":7,"column":56}},"1":{"start":{"line":8,"column":17},"end":{"line":13,"column":3}},"2":{"start":{"line":8,"column":49},"end":{"line":13,"column":1}},"3":{"start":{"line":15,"column":14},"end":{"line":15,"column":33}},"4":{"start":{"line":17,"column":15},"end":{"line":22,"column":2}}},"fnMap":{"0":{"name":"(anonymous_0)","decl":{"start":{"line":8,"column":28},"end":{"line":8,"column":29}},"loc":{"start":{"line":8,"column":49},"end":{"line":13,"column":1}},"line":8}},"branchMap":{"0":{"loc":{"start":{"line":11,"column":19},"end":{"line":11,"column":51}},"type":"cond-expr","locations":[{"start":{"line":11,"column":27},"end":{"line":11,"column":44}},{"start":{"line":11,"column":47},"end":{"line":11,"column":51}}],"line":11}},"s":{"0":3,"1":3,"2":4,"3":3,"4":3},"f":{"0":4},"b":{"0":[4,0]},"_coverageSchema":"332fd63041d2c1bcb487cc26dd0d5f7d97098a6c","hash":"b1f03f5d026eb5ff44a9d732597b3935b10df952"}
,"/Users/Sinha/Downloads/github/src/config/queries.js": {"path":"/Users/Sinha/Downloads/github/src/config/queries.js","statementMap":{"0":{"start":{"line":3,"column":24},"end":{"line":12,"column":1}},"1":{"start":{"line":14,"column":27},"end":{"line":23,"column":1}},"2":{"start":{"line":24,"column":32},"end":{"line":35,"column":1}},"3":{"start":{"line":37,"column":24},"end":{"line":71,"column":1}},"4":{"start":{"line":72,"column":29},"end":{"line":148,"column":1}},"5":{"start":{"line":150,"column":26},"end":{"line":158,"column":1}},"6":{"start":{"line":160,"column":26},"end":{"line":175,"column":1}}},"fnMap":{},"branchMap":{},"s":{"0":3,"1":3,"2":3,"3":3,"4":3,"5":3,"6":3},"f":{},"b":{},"_coverageSchema":"332fd63041d2c1bcb487cc26dd0d5f7d97098a6c","hash":"314d168c72bb85405133764827e135c4dd90223c"}
,"/Users/Sinha/Downloads/github/src/header/header.js": {"path":"/Users/Sinha/Downloads/github/src/header/header.js","statementMap":{"0":{"start":{"line":15,"column":4},"end":{"line":15,"column":17}},"1":{"start":{"line":18,"column":8},"end":{"line":18,"column":18}},"2":{"start":{"line":19,"column":4},"end":{"line":23,"column":6}},"3":{"start":{"line":27,"column":17},"end":{"line":27,"column":21}},"4":{"start":{"line":28,"column":22},"end":{"line":28,"column":42}},"5":{"start":{"line":29,"column":4},"end":{"line":37,"column":29}},"6":{"start":{"line":36,"column":20},"end":{"line":36,"column":62}},"7":{"start":{"line":37,"column":22},"end":{"line":37,"column":27}},"8":{"start":{"line":41,"column":4},"end":{"line":43,"column":5}},"9":{"start":{"line":42,"column":6},"end":{"line":42,"column":35}},"10":{"start":{"line":44,"column":4},"end":{"line":57,"column":6}},"11":{"start":{"line":60,"column":0},"end":{"line":62,"column":2}},"12":{"start":{"line":63,"column":0},"end":{"line":65,"column":2}}},"fnMap":{"0":{"name":"(anonymous_0)","decl":{"start":{"line":14,"column":2},"end":{"line":14,"column":3}},"loc":{"start":{"line":14,"column":21},"end":{"line":24,"column":3}},"line":14},"1":{"name":"(anonymous_1)","decl":{"start":{"line":26,"column":2},"end":{"line":26,"column":3}},"loc":{"start":{"line":26,"column":22},"end":{"line":38,"column":3}},"line":26},"2":{"name":"(anonymous_2)","decl":{"start":{"line":36,"column":12},"end":{"line":36,"column":13}},"loc":{"start":{"line":36,"column":20},"end":{"line":36,"column":62}},"line":36},"3":{"name":"(anonymous_3)","decl":{"start":{"line":37,"column":13},"end":{"line":37,"column":14}},"loc":{"start":{"line":37,"column":22},"end":{"line":37,"column":27}},"line":37},"4":{"name":"(anonymous_4)","decl":{"start":{"line":40,"column":2},"end":{"line":40,"column":3}},"loc":{"start":{"line":40,"column":11},"end":{"line":58,"column":3}},"line":40}},"branchMap":{"0":{"loc":{"start":{"line":21,"column":8},"end":{"line":21,"column":71}},"type":"cond-expr","locations":[{"start":{"line":21,"column":40},"end":{"line":21,"column":55}},{"start":{"line":21,"column":58},"end":{"line":21,"column":71}}],"line":21},"1":{"loc":{"start":{"line":41,"column":4},"end":{"line":43,"column":5}},"type":"if","locations":[{"start":{"line":41,"column":4},"end":{"line":43,"column":5}},{"start":{"line":41,"column":4},"end":{"line":43,"column":5}}],"line":41}},"s":{"0":5,"1":5,"2":5,"3":5,"4":5,"5":5,"6":0,"7":0,"8":10,"9":5,"10":5,"11":1,"12":1},"f":{"0":5,"1":5,"2":0,"3":0,"4":10},"b":{"0":[0,5],"1":[5,5]},"_coverageSchema":"332fd63041d2c1bcb487cc26dd0d5f7d97098a6c","hash":"b74782f33ab22e03704bdad9d9749b86a4d489dd"}
,"/Users/Sinha/Downloads/github/src/header/navItemLeft.js": {"path":"/Users/Sinha/Downloads/github/src/header/navItemLeft.js","statementMap":{"0":{"start":{"line":4,"column":20},"end":{"line":18,"column":1}},"1":{"start":{"line":5,"column":2},"end":{"line":17,"column":8}},"2":{"start":{"line":7,"column":6},"end":{"line":15,"column":8}},"3":{"start":{"line":8,"column":8},"end":{"line":14,"column":18}}},"fnMap":{"0":{"name":"(anonymous_0)","decl":{"start":{"line":4,"column":20},"end":{"line":4,"column":21}},"loc":{"start":{"line":5,"column":2},"end":{"line":17,"column":8}},"line":5},"1":{"name":"(anonymous_1)","decl":{"start":{"line":6,"column":34},"end":{"line":6,"column":35}},"loc":{"start":{"line":7,"column":6},"end":{"line":15,"column":8}},"line":7},"2":{"name":"(anonymous_2)","decl":{"start":{"line":7,"column":40},"end":{"line":7,"column":41}},"loc":{"start":{"line":8,"column":8},"end":{"line":14,"column":18}},"line":8}},"branchMap":{},"s":{"0":1,"1":5,"2":5,"3":20},"f":{"0":5,"1":5,"2":20},"b":{},"_coverageSchema":"332fd63041d2c1bcb487cc26dd0d5f7d97098a6c","hash":"998b94640ebfd2e66a8d5601456f129f5a1beb03"}
,"/Users/Sinha/Downloads/github/src/header/navbarForm.js": {"path":"/Users/Sinha/Downloads/github/src/header/navbarForm.js","statementMap":{"0":{"start":{"line":4,"column":19},"end":{"line":15,"column":1}},"1":{"start":{"line":5,"column":2},"end":{"line":14,"column":16}}},"fnMap":{"0":{"name":"(anonymous_0)","decl":{"start":{"line":4,"column":19},"end":{"line":4,"column":20}},"loc":{"start":{"line":5,"column":2},"end":{"line":14,"column":16}},"line":5}},"branchMap":{},"s":{"0":1,"1":5},"f":{"0":5},"b":{},"_coverageSchema":"332fd63041d2c1bcb487cc26dd0d5f7d97098a6c","hash":"287c0537ff0dfa40a2b3746fec413274f80b27d9"}
,"/Users/Sinha/Downloads/github/src/header/navbarHeader.js": {"path":"/Users/Sinha/Downloads/github/src/header/navbarHeader.js","statementMap":{"0":{"start":{"line":4,"column":21},"end":{"line":14,"column":1}},"1":{"start":{"line":5,"column":2},"end":{"line":13,"column":18}}},"fnMap":{"0":{"name":"(anonymous_0)","decl":{"start":{"line":4,"column":21},"end":{"line":4,"column":22}},"loc":{"start":{"line":5,"column":2},"end":{"line":13,"column":18}},"line":5}},"branchMap":{},"s":{"0":1,"1":5},"f":{"0":5},"b":{},"_coverageSchema":"332fd63041d2c1bcb487cc26dd0d5f7d97098a6c","hash":"2965b8040be2447d38a0685e4355683816826336"}
,"/Users/Sinha/Downloads/github/src/header/navbarItemRight.js": {"path":"/Users/Sinha/Downloads/github/src/header/navbarItemRight.js","statementMap":{"0":{"start":{"line":6,"column":24},"end":{"line":45,"column":1}},"1":{"start":{"line":8,"column":2},"end":{"line":44,"column":8}},"2":{"start":{"line":25,"column":8},"end":{"line":27,"column":19}},"3":{"start":{"line":38,"column":8},"end":{"line":41,"column":19}}},"fnMap":{"0":{"name":"(anonymous_0)","decl":{"start":{"line":6,"column":24},"end":{"line":6,"column":25}},"loc":{"start":{"line":8,"column":2},"end":{"line":44,"column":8}},"line":8},"1":{"name":"(anonymous_1)","decl":{"start":{"line":24,"column":52},"end":{"line":24,"column":53}},"loc":{"start":{"line":25,"column":8},"end":{"line":27,"column":19}},"line":25},"2":{"name":"(anonymous_2)","decl":{"start":{"line":37,"column":47},"end":{"line":37,"column":48}},"loc":{"start":{"line":38,"column":8},"end":{"line":41,"column":19}},"line":38}},"branchMap":{"0":{"loc":{"start":{"line":40,"column":12},"end":{"line":40,"column":87}},"type":"cond-expr","locations":[{"start":{"line":40,"column":61},"end":{"line":40,"column":82}},{"start":{"line":40,"column":85},"end":{"line":40,"column":87}}],"line":40}},"s":{"0":1,"1":5,"2":20,"3":35},"f":{"0":5,"1":20,"2":35},"b":{"0":[5,30]},"_coverageSchema":"332fd63041d2c1bcb487cc26dd0d5f7d97098a6c","hash":"71e0c235016e303cabad6199908ce86634179541"}
,"/Users/Sinha/Downloads/github/src/profile/index.js": {"path":"/Users/Sinha/Downloads/github/src/profile/index.js","statementMap":{"0":{"start":{"line":21,"column":4},"end":{"line":21,"column":17}},"1":{"start":{"line":24,"column":8},"end":{"line":24,"column":18}},"2":{"start":{"line":25,"column":4},"end":{"line":29,"column":6}},"3":{"start":{"line":33,"column":22},"end":{"line":33,"column":42}},"4":{"start":{"line":34,"column":4},"end":{"line":42,"column":29}},"5":{"start":{"line":41,"column":20},"end":{"line":41,"column":62}},"6":{"start":{"line":42,"column":22},"end":{"line":42,"column":27}},"7":{"start":{"line":47,"column":22},"end":{"line":47,"column":42}},"8":{"start":{"line":48,"column":4},"end":{"line":85,"column":7}},"9":{"start":{"line":49,"column":6},"end":{"line":84,"column":12}},"10":{"start":{"line":89,"column":4},"end":{"line":108,"column":7}},"11":{"start":{"line":90,"column":6},"end":{"line":107,"column":12}},"12":{"start":{"line":112,"column":20},"end":{"line":112,"column":38}},"13":{"start":{"line":113,"column":4},"end":{"line":115,"column":5}},"14":{"start":{"line":114,"column":6},"end":{"line":114,"column":67}},"15":{"start":{"line":116,"column":25},"end":{"line":116,"column":62}},"16":{"start":{"line":118,"column":26},"end":{"line":118,"column":78}},"17":{"start":{"line":119,"column":32},"end":{"line":121,"column":7}},"18":{"start":{"line":122,"column":31},"end":{"line":124,"column":7}},"19":{"start":{"line":125,"column":4},"end":{"line":146,"column":6}},"20":{"start":{"line":149,"column":0},"end":{"line":151,"column":2}}},"fnMap":{"0":{"name":"(anonymous_0)","decl":{"start":{"line":20,"column":2},"end":{"line":20,"column":3}},"loc":{"start":{"line":20,"column":21},"end":{"line":30,"column":3}},"line":20},"1":{"name":"(anonymous_1)","decl":{"start":{"line":32,"column":2},"end":{"line":32,"column":3}},"loc":{"start":{"line":32,"column":22},"end":{"line":43,"column":3}},"line":32},"2":{"name":"(anonymous_2)","decl":{"start":{"line":41,"column":12},"end":{"line":41,"column":13}},"loc":{"start":{"line":41,"column":20},"end":{"line":41,"column":62}},"line":41},"3":{"name":"(anonymous_3)","decl":{"start":{"line":42,"column":13},"end":{"line":42,"column":14}},"loc":{"start":{"line":42,"column":22},"end":{"line":42,"column":27}},"line":42},"4":{"name":"(anonymous_4)","decl":{"start":{"line":46,"column":2},"end":{"line":46,"column":3}},"loc":{"start":{"line":46,"column":22},"end":{"line":86,"column":3}},"line":46},"5":{"name":"(anonymous_5)","decl":{"start":{"line":48,"column":21},"end":{"line":48,"column":22}},"loc":{"start":{"line":49,"column":6},"end":{"line":84,"column":12}},"line":49},"6":{"name":"(anonymous_6)","decl":{"start":{"line":88,"column":2},"end":{"line":88,"column":3}},"loc":{"start":{"line":88,"column":24},"end":{"line":109,"column":3}},"line":88},"7":{"name":"(anonymous_7)","decl":{"start":{"line":89,"column":19},"end":{"line":89,"column":20}},"loc":{"start":{"line":90,"column":6},"end":{"line":107,"column":12}},"line":90},"8":{"name":"(anonymous_8)","decl":{"start":{"line":111,"column":2},"end":{"line":111,"column":3}},"loc":{"start":{"line":111,"column":11},"end":{"line":147,"column":3}},"line":111}},"branchMap":{"0":{"loc":{"start":{"line":27,"column":8},"end":{"line":27,"column":71}},"type":"cond-expr","locations":[{"start":{"line":27,"column":40},"end":{"line":27,"column":55}},{"start":{"line":27,"column":58},"end":{"line":27,"column":71}}],"line":27},"1":{"loc":{"start":{"line":57,"column":15},"end":{"line":59,"column":20}},"type":"cond-expr","locations":[{"start":{"line":58,"column":18},"end":{"line":58,"column":47}},{"start":{"line":59,"column":18},"end":{"line":59,"column":20}}],"line":57},"2":{"loc":{"start":{"line":98,"column":15},"end":{"line":100,"column":20}},"type":"cond-expr","locations":[{"start":{"line":99,"column":18},"end":{"line":99,"column":48}},{"start":{"line":100,"column":18},"end":{"line":100,"column":20}}],"line":98},"3":{"loc":{"start":{"line":113,"column":4},"end":{"line":115,"column":5}},"type":"if","locations":[{"start":{"line":113,"column":4},"end":{"line":115,"column":5}},{"start":{"line":113,"column":4},"end":{"line":115,"column":5}}],"line":113}},"s":{"0":1,"1":1,"2":1,"3":1,"4":1,"5":0,"6":0,"7":0,"8":0,"9":0,"10":0,"11":0,"12":1,"13":1,"14":1,"15":0,"16":0,"17":0,"18":0,"19":0,"20":1},"f":{"0":1,"1":1,"2":0,"3":0,"4":0,"5":0,"6":0,"7":0,"8":1},"b":{"0":[0,1],"1":[0,0],"2":[0,0],"3":[1,0]},"_coverageSchema":"332fd63041d2c1bcb487cc26dd0d5f7d97098a6c","hash":"9cf1614750dd02f206680e02d59ee09fbdc86acc"}
,"/Users/Sinha/Downloads/github/src/profile/profileLeftSide.js": {"path":"/Users/Sinha/Downloads/github/src/profile/profileLeftSide.js","statementMap":{"0":{"start":{"line":4,"column":24},"end":{"line":51,"column":1}},"1":{"start":{"line":5,"column":2},"end":{"line":50,"column":8}},"2":{"start":{"line":45,"column":10},"end":{"line":45,"column":187}}},"fnMap":{"0":{"name":"(anonymous_0)","decl":{"start":{"line":4,"column":24},"end":{"line":4,"column":25}},"loc":{"start":{"line":5,"column":2},"end":{"line":50,"column":8}},"line":5},"1":{"name":"(anonymous_1)","decl":{"start":{"line":44,"column":62},"end":{"line":44,"column":63}},"loc":{"start":{"line":45,"column":10},"end":{"line":45,"column":187}},"line":45}},"branchMap":{},"s":{"0":1,"1":0,"2":0},"f":{"0":0,"1":0},"b":{},"_coverageSchema":"332fd63041d2c1bcb487cc26dd0d5f7d97098a6c","hash":"7d915e10130273da0cc2aec1d88a2ccdbefff4a8"}
,"/Users/Sinha/Downloads/github/src/projectDetail/index.js": {"path":"/Users/Sinha/Downloads/github/src/projectDetail/index.js","statementMap":{"0":{"start":{"line":27,"column":4},"end":{"line":27,"column":17}},"1":{"start":{"line":30,"column":8},"end":{"line":30,"column":18}},"2":{"start":{"line":31,"column":4},"end":{"line":37,"column":6}},"3":{"start":{"line":40,"column":17},"end":{"line":40,"column":21}},"4":{"start":{"line":41,"column":22},"end":{"line":41,"column":42}},"5":{"start":{"line":43,"column":4},"end":{"line":74,"column":53}},"6":{"start":{"line":53,"column":10},"end":{"line":59,"column":12}},"7":{"start":{"line":69,"column":12},"end":{"line":71,"column":14}},"8":{"start":{"line":74,"column":22},"end":{"line":74,"column":51}},"9":{"start":{"line":78,"column":4},"end":{"line":86,"column":7}},"10":{"start":{"line":79,"column":6},"end":{"line":85,"column":11}},"11":{"start":{"line":90,"column":6},"end":{"line":90,"column":68}},"12":{"start":{"line":91,"column":4},"end":{"line":107,"column":37}},"13":{"start":{"line":99,"column":8},"end":{"line":105,"column":10}},"14":{"start":{"line":111,"column":6},"end":{"line":113,"column":24}},"15":{"start":{"line":114,"column":4},"end":{"line":134,"column":37}},"16":{"start":{"line":123,"column":8},"end":{"line":132,"column":10}},"17":{"start":{"line":139,"column":6},"end":{"line":141,"column":47}},"18":{"start":{"line":142,"column":17},"end":{"line":142,"column":32}},"19":{"start":{"line":143,"column":4},"end":{"line":145,"column":5}},"20":{"start":{"line":144,"column":6},"end":{"line":144,"column":67}},"21":{"start":{"line":146,"column":22},"end":{"line":146,"column":52}},"22":{"start":{"line":147,"column":23},"end":{"line":147,"column":59}},"23":{"start":{"line":148,"column":4},"end":{"line":236,"column":6}},"24":{"start":{"line":164,"column":35},"end":{"line":164,"column":61}},"25":{"start":{"line":172,"column":35},"end":{"line":172,"column":61}},"26":{"start":{"line":180,"column":35},"end":{"line":180,"column":67}}},"fnMap":{"0":{"name":"(anonymous_0)","decl":{"start":{"line":26,"column":2},"end":{"line":26,"column":3}},"loc":{"start":{"line":26,"column":21},"end":{"line":38,"column":3}},"line":26},"1":{"name":"(anonymous_1)","decl":{"start":{"line":39,"column":2},"end":{"line":39,"column":3}},"loc":{"start":{"line":39,"column":22},"end":{"line":75,"column":3}},"line":39},"2":{"name":"(anonymous_2)","decl":{"start":{"line":52,"column":8},"end":{"line":52,"column":9}},"loc":{"start":{"line":53,"column":10},"end":{"line":59,"column":12}},"line":53},"3":{"name":"(anonymous_3)","decl":{"start":{"line":68,"column":16},"end":{"line":68,"column":17}},"loc":{"start":{"line":69,"column":12},"end":{"line":71,"column":14}},"line":69},"4":{"name":"(anonymous_4)","decl":{"start":{"line":74,"column":13},"end":{"line":74,"column":14}},"loc":{"start":{"line":74,"column":22},"end":{"line":74,"column":51}},"line":74},"5":{"name":"(anonymous_5)","decl":{"start":{"line":77,"column":2},"end":{"line":77,"column":3}},"loc":{"start":{"line":77,"column":16},"end":{"line":87,"column":3}},"line":77},"6":{"name":"(anonymous_6)","decl":{"start":{"line":78,"column":20},"end":{"line":78,"column":21}},"loc":{"start":{"line":79,"column":6},"end":{"line":85,"column":11}},"line":79},"7":{"name":"(anonymous_7)","decl":{"start":{"line":88,"column":2},"end":{"line":88,"column":3}},"loc":{"start":{"line":88,"column":29},"end":{"line":108,"column":3}},"line":88},"8":{"name":"(anonymous_8)","decl":{"start":{"line":98,"column":12},"end":{"line":98,"column":13}},"loc":{"start":{"line":99,"column":8},"end":{"line":105,"column":10}},"line":99},"9":{"name":"(anonymous_9)","decl":{"start":{"line":109,"column":2},"end":{"line":109,"column":3}},"loc":{"start":{"line":109,"column":23},"end":{"line":135,"column":3}},"line":109},"10":{"name":"(anonymous_10)","decl":{"start":{"line":122,"column":12},"end":{"line":122,"column":13}},"loc":{"start":{"line":123,"column":8},"end":{"line":132,"column":10}},"line":123},"11":{"name":"(anonymous_11)","decl":{"start":{"line":137,"column":2},"end":{"line":137,"column":3}},"loc":{"start":{"line":137,"column":11},"end":{"line":237,"column":3}},"line":137},"12":{"name":"(anonymous_12)","decl":{"start":{"line":164,"column":29},"end":{"line":164,"column":30}},"loc":{"start":{"line":164,"column":35},"end":{"line":164,"column":61}},"line":164},"13":{"name":"(anonymous_13)","decl":{"start":{"line":172,"column":29},"end":{"line":172,"column":30}},"loc":{"start":{"line":172,"column":35},"end":{"line":172,"column":61}},"line":172},"14":{"name":"(anonymous_14)","decl":{"start":{"line":180,"column":29},"end":{"line":180,"column":30}},"loc":{"start":{"line":180,"column":35},"end":{"line":180,"column":67}},"line":180}},"branchMap":{"0":{"loc":{"start":{"line":33,"column":8},"end":{"line":33,"column":71}},"type":"cond-expr","locations":[{"start":{"line":33,"column":40},"end":{"line":33,"column":55}},{"start":{"line":33,"column":58},"end":{"line":33,"column":71}}],"line":33},"1":{"loc":{"start":{"line":90,"column":6},"end":{"line":90,"column":68}},"type":"cond-expr","locations":[{"start":{"line":90,"column":46},"end":{"line":90,"column":54}},{"start":{"line":90,"column":57},"end":{"line":90,"column":68}}],"line":90},"2":{"loc":{"start":{"line":101,"column":12},"end":{"line":103,"column":45}},"type":"cond-expr","locations":[{"start":{"line":102,"column":16},"end":{"line":102,"column":45}},{"start":{"line":103,"column":16},"end":{"line":103,"column":45}}],"line":101},"3":{"loc":{"start":{"line":104,"column":28},"end":{"line":104,"column":70}},"type":"cond-expr","locations":[{"start":{"line":104,"column":58},"end":{"line":104,"column":63}},{"start":{"line":104,"column":66},"end":{"line":104,"column":70}}],"line":104},"4":{"loc":{"start":{"line":111,"column":6},"end":{"line":113,"column":24}},"type":"cond-expr","locations":[{"start":{"line":112,"column":10},"end":{"line":112,"column":22}},{"start":{"line":113,"column":10},"end":{"line":113,"column":24}}],"line":111},"5":{"loc":{"start":{"line":125,"column":12},"end":{"line":127,"column":46}},"type":"cond-expr","locations":[{"start":{"line":126,"column":16},"end":{"line":126,"column":46}},{"start":{"line":127,"column":16},"end":{"line":127,"column":46}}],"line":125},"6":{"loc":{"start":{"line":129,"column":12},"end":{"line":131,"column":30}},"type":"cond-expr","locations":[{"start":{"line":130,"column":16},"end":{"line":130,"column":28}},{"start":{"line":131,"column":16},"end":{"line":131,"column":30}}],"line":129},"7":{"loc":{"start":{"line":139,"column":6},"end":{"line":141,"column":47}},"type":"cond-expr","locations":[{"start":{"line":140,"column":10},"end":{"line":140,"column":49}},{"start":{"line":141,"column":10},"end":{"line":141,"column":47}}],"line":139},"8":{"loc":{"start":{"line":143,"column":4},"end":{"line":145,"column":5}},"type":"if","locations":[{"start":{"line":143,"column":4},"end":{"line":145,"column":5}},{"start":{"line":143,"column":4},"end":{"line":145,"column":5}}],"line":143},"9":{"loc":{"start":{"line":183,"column":21},"end":{"line":183,"column":78}},"type":"cond-expr","locations":[{"start":{"line":183,"column":61},"end":{"line":183,"column":67}},{"start":{"line":183,"column":70},"end":{"line":183,"column":78}}],"line":183}},"s":{"0":1,"1":1,"2":1,"3":1,"4":1,"5":1,"6":0,"7":0,"8":0,"9":0,"10":0,"11":0,"12":0,"13":0,"14":0,"15":0,"16":0,"17":1,"18":1,"19":1,"20":1,"21":0,"22":0,"23":0,"24":0,"25":0,"26":0},"f":{"0":1,"1":1,"2":0,"3":0,"4":0,"5":0,"6":0,"7":0,"8":0,"9":0,"10":0,"11":1,"12":0,"13":0,"14":0},"b":{"0":[0,1],"1":[0,0],"2":[0,0],"3":[0,0],"4":[0,0],"5":[0,0],"6":[0,0],"7":[0,1],"8":[1,0],"9":[0,0]},"_coverageSchema":"332fd63041d2c1bcb487cc26dd0d5f7d97098a6c","hash":"02b70e6f0ebd282f2503eb07ccaf0cae9c7bcbfc"}
}
