TN:
SF:/Users/Sinha/Downloads/github/enzyme-setup.js
FNF:0
FNH:0
DA:4,3
LF:1
LH:1
BRF:0
BRH:0
end_of_record
TN:
SF:/Users/Sinha/Downloads/github/src/setupTest.js
FNF:0
FNH:0
LF:0
LH:0
BRF:0
BRH:0
end_of_record
TN:
SF:/Users/Sinha/Downloads/github/src/config/graphqlConfig.js
FN:8,(anonymous_0)
FNF:1
FNH:1
FNDA:4,(anonymous_0)
DA:7,3
DA:8,4
DA:15,3
DA:17,3
LF:4
LH:4
BRDA:11,0,0,4
BRDA:11,0,1,0
BRF:2
BRH:1
end_of_record
TN:
SF:/Users/Sinha/Downloads/github/src/config/queries.js
FNF:0
FNH:0
DA:3,3
DA:14,3
DA:24,3
DA:37,3
DA:72,3
DA:150,3
DA:160,3
LF:7
LH:7
BRF:0
BRH:0
end_of_record
TN:
SF:/Users/Sinha/Downloads/github/src/header/header.js
FN:14,(anonymous_0)
FN:26,(anonymous_1)
FN:36,(anonymous_2)
FN:37,(anonymous_3)
FN:40,(anonymous_4)
FNF:5
FNH:3
FNDA:5,(anonymous_0)
FNDA:5,(anonymous_1)
FNDA:0,(anonymous_2)
FNDA:0,(anonymous_3)
FNDA:10,(anonymous_4)
DA:15,5
DA:18,5
DA:19,5
DA:27,5
DA:28,5
DA:29,5
DA:36,0
DA:37,0
DA:41,10
DA:42,5
DA:44,5
DA:60,1
DA:63,1
LF:13
LH:11
BRDA:21,0,0,0
BRDA:21,0,1,5
BRDA:41,1,0,5
BRDA:41,1,1,5
BRF:4
BRH:3
end_of_record
TN:
SF:/Users/Sinha/Downloads/github/src/header/navItemLeft.js
FN:4,(anonymous_0)
FN:6,(anonymous_1)
FN:7,(anonymous_2)
FNF:3
FNH:3
FNDA:5,(anonymous_0)
FNDA:5,(anonymous_1)
FNDA:20,(anonymous_2)
DA:4,1
DA:5,5
DA:7,5
DA:8,20
LF:4
LH:4
BRF:0
BRH:0
end_of_record
TN:
SF:/Users/Sinha/Downloads/github/src/header/navbarForm.js
FN:4,(anonymous_0)
FNF:1
FNH:1
FNDA:5,(anonymous_0)
DA:4,1
DA:5,5
LF:2
LH:2
BRF:0
BRH:0
end_of_record
TN:
SF:/Users/Sinha/Downloads/github/src/header/navbarHeader.js
FN:4,(anonymous_0)
FNF:1
FNH:1
FNDA:5,(anonymous_0)
DA:4,1
DA:5,5
LF:2
LH:2
BRF:0
BRH:0
end_of_record
TN:
SF:/Users/Sinha/Downloads/github/src/header/navbarItemRight.js
FN:6,(anonymous_0)
FN:24,(anonymous_1)
FN:37,(anonymous_2)
FNF:3
FNH:3
FNDA:5,(anonymous_0)
FNDA:20,(anonymous_1)
FNDA:35,(anonymous_2)
DA:6,1
DA:8,5
DA:25,20
DA:38,35
LF:4
LH:4
BRDA:40,0,0,5
BRDA:40,0,1,30
BRF:2
BRH:2
end_of_record
TN:
SF:/Users/Sinha/Downloads/github/src/profile/index.js
FN:20,(anonymous_0)
FN:32,(anonymous_1)
FN:41,(anonymous_2)
FN:42,(anonymous_3)
FN:46,(anonymous_4)
FN:48,(anonymous_5)
FN:88,(anonymous_6)
FN:89,(anonymous_7)
FN:111,(anonymous_8)
FNF:9
FNH:3
FNDA:1,(anonymous_0)
FNDA:1,(anonymous_1)
FNDA:0,(anonymous_2)
FNDA:0,(anonymous_3)
FNDA:0,(anonymous_4)
FNDA:0,(anonymous_5)
FNDA:0,(anonymous_6)
FNDA:0,(anonymous_7)
FNDA:1,(anonymous_8)
DA:21,1
DA:24,1
DA:25,1
DA:33,1
DA:34,1
DA:41,0
DA:42,0
DA:47,0
DA:48,0
DA:49,0
DA:89,0
DA:90,0
DA:112,1
DA:113,1
DA:114,1
DA:116,0
DA:118,0
DA:119,0
DA:122,0
DA:125,0
DA:149,1
LF:21
LH:9
BRDA:27,0,0,0
BRDA:27,0,1,1
BRDA:57,1,0,0
BRDA:57,1,1,0
BRDA:98,2,0,0
BRDA:98,2,1,0
BRDA:113,3,0,1
BRDA:113,3,1,0
BRF:8
BRH:2
end_of_record
TN:
SF:/Users/Sinha/Downloads/github/src/profile/profileLeftSide.js
FN:4,(anonymous_0)
FN:44,(anonymous_1)
FNF:2
FNH:0
FNDA:0,(anonymous_0)
FNDA:0,(anonymous_1)
DA:4,1
DA:5,0
DA:45,0
LF:3
LH:1
BRF:0
BRH:0
end_of_record
TN:
SF:/Users/Sinha/Downloads/github/src/projectDetail/index.js
FN:26,(anonymous_0)
FN:39,(anonymous_1)
FN:52,(anonymous_2)
FN:68,(anonymous_3)
FN:74,(anonymous_4)
FN:77,(anonymous_5)
FN:78,(anonymous_6)
FN:88,(anonymous_7)
FN:98,(anonymous_8)
FN:109,(anonymous_9)
FN:122,(anonymous_10)
FN:137,(anonymous_11)
FN:164,(anonymous_12)
FN:172,(anonymous_13)
FN:180,(anonymous_14)
FNF:15
FNH:3
FNDA:1,(anonymous_0)
FNDA:1,(anonymous_1)
FNDA:0,(anonymous_2)
FNDA:0,(anonymous_3)
FNDA:0,(anonymous_4)
FNDA:0,(anonymous_5)
FNDA:0,(anonymous_6)
FNDA:0,(anonymous_7)
FNDA:0,(anonymous_8)
FNDA:0,(anonymous_9)
FNDA:0,(anonymous_10)
FNDA:1,(anonymous_11)
FNDA:0,(anonymous_12)
FNDA:0,(anonymous_13)
FNDA:0,(anonymous_14)
DA:27,1
DA:30,1
DA:31,1
DA:40,1
DA:41,1
DA:43,1
DA:53,0
DA:69,0
DA:74,0
DA:78,0
DA:79,0
DA:90,0
DA:91,0
DA:99,0
DA:111,0
DA:114,0
DA:123,0
DA:139,1
DA:142,1
DA:143,1
DA:144,1
DA:146,0
DA:147,0
DA:148,0
DA:164,0
DA:172,0
DA:180,0
LF:27
LH:10
BRDA:33,0,0,0
BRDA:33,0,1,1
BRDA:90,1,0,0
BRDA:90,1,1,0
BRDA:101,2,0,0
BRDA:101,2,1,0
BRDA:104,3,0,0
BRDA:104,3,1,0
BRDA:111,4,0,0
BRDA:111,4,1,0
BRDA:125,5,0,0
BRDA:125,5,1,0
BRDA:129,6,0,0
BRDA:129,6,1,0
BRDA:139,7,0,0
BRDA:139,7,1,1
BRDA:143,8,0,1
BRDA:143,8,1,0
BRDA:183,9,0,0
BRDA:183,9,1,0
BRF:20
BRH:3
end_of_record
